2022-11-29T02:20:45.075Z [warn] WARNING: {{random-number}} was not converted as it has positional parameters which can't be automatically converted. Source: app/templates/application.hbs
2022-11-29T02:20:45.134Z [warn] WARNING: {{provider-form-errors}} was not converted as it has positional parameters which can't be automatically converted. Source: app/templates/edit.hbs
2022-11-29T02:20:45.172Z [warn] WARNING: {{twitter-url}} was not converted as it has positional parameters which can't be automatically converted. Source: app/templates/index.hbs
2022-11-29T02:20:45.172Z [warn] WARNING: {{twitter-url}} was not converted as it has positional parameters which can't be automatically converted. Source: app/templates/index.hbs
2022-11-29T02:20:45.173Z [warn] WARNING: {{markdown-to-html}} was not converted as it has positional parameters which can't be automatically converted. Source: app/templates/index.hbs
2022-11-29T02:20:45.285Z [warn] WARNING: {{uppercase}} was not converted as it has positional parameters which can't be automatically converted. Source: app/templates/components/application-header.hbs
2022-11-29T02:20:45.289Z [warn] WARNING: {{pluralize}} was not converted as it has positional parameters which can't be automatically converted. Source: app/templates/components/bar-chart.hbs
2022-11-29T02:20:45.294Z [warn] WARNING: {{format-creator}} was not converted as it has positional parameters which can't be automatically converted. Source: app/templates/components/creator-show.hbs
2022-11-29T02:20:45.294Z [warn] WARNING: {{format-creator}} was not converted as it has positional parameters which can't be automatically converted. Source: app/templates/components/creator-show.hbs
2022-11-29T02:20:45.322Z [warn] WARNING: {{pluralize}} was not converted as it has positional parameters which can't be automatically converted. Source: app/templates/components/doi-alternate-identifiers.hbs
2022-11-29T02:20:45.322Z [warn] WARNING: {{pluralize}} was not converted as it has positional parameters which can't be automatically converted. Source: app/templates/components/doi-alternate-identifiers.hbs
2022-11-29T02:20:45.325Z [warn] WARNING: {{eq}} was not converted as it has positional parameters which can't be automatically converted. Source: app/templates/components/doi-citation.hbs
2022-11-29T02:20:45.325Z [warn] WARNING: {{format-text}} was not converted as it has positional parameters which can't be automatically converted. Source: app/templates/components/doi-citation.hbs
2022-11-29T02:20:45.357Z [warn] WARNING: {{pluralize}} was not converted as it has positional parameters which can't be automatically converted. Source: app/templates/components/doi-contributors.hbs
2022-11-29T02:20:45.357Z [warn] WARNING: {{pluralize}} was not converted as it has positional parameters which can't be automatically converted. Source: app/templates/components/doi-contributors.hbs
2022-11-29T02:20:45.392Z [warn] WARNING: {{pluralize}} was not converted as it has positional parameters which can't be automatically converted. Source: app/templates/components/doi-creators.hbs
2022-11-29T02:20:45.392Z [warn] WARNING: {{pluralize}} was not converted as it has positional parameters which can't be automatically converted. Source: app/templates/components/doi-creators.hbs
2022-11-29T02:20:45.424Z [warn] WARNING: {{pluralize}} was not converted as it has positional parameters which can't be automatically converted. Source: app/templates/components/doi-dates.hbs
2022-11-29T02:20:45.424Z [warn] WARNING: {{pluralize}} was not converted as it has positional parameters which can't be automatically converted. Source: app/templates/components/doi-dates.hbs
2022-11-29T02:20:45.438Z [warn] WARNING: {{pluralize}} was not converted as it has positional parameters which can't be automatically converted. Source: app/templates/components/doi-descriptions.hbs
2022-11-29T02:20:45.438Z [warn] WARNING: {{pluralize}} was not converted as it has positional parameters which can't be automatically converted. Source: app/templates/components/doi-descriptions.hbs
2022-11-29T02:20:45.468Z [warn] WARNING: {{pluralize}} was not converted as it has positional parameters which can't be automatically converted. Source: app/templates/components/doi-formats.hbs
2022-11-29T02:20:45.468Z [warn] WARNING: {{pluralize}} was not converted as it has positional parameters which can't be automatically converted. Source: app/templates/components/doi-formats.hbs
2022-11-29T02:20:45.493Z [warn] WARNING: {{pluralize}} was not converted as it has positional parameters which can't be automatically converted. Source: app/templates/components/doi-funding-references.hbs
2022-11-29T02:20:45.493Z [warn] WARNING: {{pluralize}} was not converted as it has positional parameters which can't be automatically converted. Source: app/templates/components/doi-funding-references.hbs
2022-11-29T02:20:45.670Z [warn] WARNING: {{titleize}} was not converted as it has positional parameters which can't be automatically converted. Source: app/templates/components/doi-list.hbs
2022-11-29T02:20:45.670Z [warn] WARNING: {{humanize}} was not converted as it has positional parameters which can't be automatically converted. Source: app/templates/components/doi-list.hbs
2022-11-29T02:20:45.673Z [warn] WARNING: {{titleize}} was not converted as it has positional parameters which can't be automatically converted. Source: app/templates/components/doi-list.hbs
2022-11-29T02:20:45.673Z [warn] WARNING: {{lowercase}} was not converted as it has positional parameters which can't be automatically converted. Source: app/templates/components/doi-list.hbs
2022-11-29T02:20:45.690Z [warn] WARNING: {{eq}} was not converted as it has positional parameters which can't be automatically converted. Source: app/templates/components/doi-metadata.hbs
2022-11-29T02:20:45.704Z [warn] WARNING: {{humanize}} was not converted as it has positional parameters which can't be automatically converted. Source: app/templates/components/doi-related-identifier.hbs
2022-11-29T02:20:45.704Z [warn] WARNING: {{humanize}} was not converted as it has positional parameters which can't be automatically converted. Source: app/templates/components/doi-related-identifier.hbs
2022-11-29T02:20:45.718Z [warn] WARNING: {{pluralize}} was not converted as it has positional parameters which can't be automatically converted. Source: app/templates/components/doi-related-identifiers.hbs
2022-11-29T02:20:45.719Z [warn] WARNING: {{pluralize}} was not converted as it has positional parameters which can't be automatically converted. Source: app/templates/components/doi-related-identifiers.hbs
2022-11-29T02:20:45.757Z [warn] WARNING: {{humanize}} was not converted as it has positional parameters which can't be automatically converted. Source: app/templates/components/doi-related-item.hbs
2022-11-29T02:20:45.757Z [warn] WARNING: {{pluralize}} was not converted as it has positional parameters which can't be automatically converted. Source: app/templates/components/doi-related-item.hbs
2022-11-29T02:20:45.757Z [warn] WARNING: {{pluralize}} was not converted as it has positional parameters which can't be automatically converted. Source: app/templates/components/doi-related-item.hbs
2022-11-29T02:20:45.758Z [warn] WARNING: {{pluralize}} was not converted as it has positional parameters which can't be automatically converted. Source: app/templates/components/doi-related-item.hbs
2022-11-29T02:20:45.758Z [warn] WARNING: {{pluralize}} was not converted as it has positional parameters which can't be automatically converted. Source: app/templates/components/doi-related-item.hbs
2022-11-29T02:20:45.765Z [warn] WARNING: {{pluralize}} was not converted as it has positional parameters which can't be automatically converted. Source: app/templates/components/doi-related-items.hbs
2022-11-29T02:20:45.765Z [warn] WARNING: {{pluralize}} was not converted as it has positional parameters which can't be automatically converted. Source: app/templates/components/doi-related-items.hbs
2022-11-29T02:20:45.780Z [warn] WARNING: {{pluralize}} was not converted as it has positional parameters which can't be automatically converted. Source: app/templates/components/doi-rights-list.hbs
2022-11-29T02:20:45.780Z [warn] WARNING: {{pluralize}} was not converted as it has positional parameters which can't be automatically converted. Source: app/templates/components/doi-rights-list.hbs
2022-11-29T02:20:45.798Z [warn] WARNING: {{pluralize}} was not converted as it has positional parameters which can't be automatically converted. Source: app/templates/components/doi-sizes.hbs
2022-11-29T02:20:45.798Z [warn] WARNING: {{pluralize}} was not converted as it has positional parameters which can't be automatically converted. Source: app/templates/components/doi-sizes.hbs
2022-11-29T02:20:45.821Z [warn] WARNING: {{pluralize}} was not converted as it has positional parameters which can't be automatically converted. Source: app/templates/components/doi-subjects.hbs
2022-11-29T02:20:45.822Z [warn] WARNING: {{pluralize}} was not converted as it has positional parameters which can't be automatically converted. Source: app/templates/components/doi-subjects.hbs
2022-11-29T02:20:45.844Z [warn] WARNING: {{format-text}} was not converted as it has positional parameters which can't be automatically converted. Source: app/templates/components/doi-summary.hbs
2022-11-29T02:20:45.844Z [warn] WARNING: {{format-text}} was not converted as it has positional parameters which can't be automatically converted. Source: app/templates/components/doi-summary.hbs
2022-11-29T02:20:45.845Z [warn] WARNING: {{format-text}} was not converted as it has positional parameters which can't be automatically converted. Source: app/templates/components/doi-summary.hbs
2022-11-29T02:20:45.845Z [warn] WARNING: {{format-metadata}} was not converted as it has positional parameters which can't be automatically converted. Source: app/templates/components/doi-summary.hbs
2022-11-29T02:20:45.845Z [warn] WARNING: {{format-text}} was not converted as it has positional parameters which can't be automatically converted. Source: app/templates/components/doi-summary.hbs
2022-11-29T02:20:45.845Z [warn] WARNING: {{titleize}} was not converted as it has positional parameters which can't be automatically converted. Source: app/templates/components/doi-summary.hbs
2022-11-29T02:20:45.845Z [warn] WARNING: {{format-numbers}} was not converted as it has positional parameters which can't be automatically converted. Source: app/templates/components/doi-summary.hbs
2022-11-29T02:20:45.845Z [warn] WARNING: {{pluralize}} was not converted as it has positional parameters which can't be automatically converted. Source: app/templates/components/doi-summary.hbs
2022-11-29T02:20:45.845Z [warn] WARNING: {{format-numbers}} was not converted as it has positional parameters which can't be automatically converted. Source: app/templates/components/doi-summary.hbs
2022-11-29T02:20:45.845Z [warn] WARNING: {{pluralize}} was not converted as it has positional parameters which can't be automatically converted. Source: app/templates/components/doi-summary.hbs
2022-11-29T02:20:45.845Z [warn] WARNING: {{format-numbers}} was not converted as it has positional parameters which can't be automatically converted. Source: app/templates/components/doi-summary.hbs
2022-11-29T02:20:45.845Z [warn] WARNING: {{pluralize}} was not converted as it has positional parameters which can't be automatically converted. Source: app/templates/components/doi-summary.hbs
2022-11-29T02:20:45.858Z [warn] WARNING: {{pluralize}} was not converted as it has positional parameters which can't be automatically converted. Source: app/templates/components/doi-titles.hbs
2022-11-29T02:20:45.858Z [warn] WARNING: {{pluralize}} was not converted as it has positional parameters which can't be automatically converted. Source: app/templates/components/doi-titles.hbs
2022-11-29T02:20:45.871Z [warn] WARNING: {{humanize}} was not converted as it has positional parameters which can't be automatically converted. Source: app/templates/components/doi-types.hbs
2022-11-29T02:20:45.876Z [warn] WARNING: {{pluralize}} was not converted as it has positional parameters which can't be automatically converted. Source: app/templates/components/donut-chart.hbs
2022-11-29T02:20:45.946Z [warn] WARNING: {{format-numbers}} was not converted as it has positional parameters which can't be automatically converted. Source: app/templates/components/metrics-counter.hbs
2022-11-29T02:20:45.946Z [warn] WARNING: {{format-numbers}} was not converted as it has positional parameters which can't be automatically converted. Source: app/templates/components/metrics-counter.hbs
2022-11-29T02:20:45.954Z [warn] WARNING: {{eq}} was not converted as it has positional parameters which can't be automatically converted. Source: app/templates/components/model-search.hbs
2022-11-29T02:20:45.954Z [warn] WARNING: {{pluralize}} was not converted as it has positional parameters which can't be automatically converted. Source: app/templates/components/model-search.hbs
2022-11-29T02:20:45.959Z [warn] WARNING: {{pluralize}} was not converted as it has positional parameters which can't be automatically converted. Source: app/templates/components/month-chart.hbs
2022-11-29T02:20:46.015Z [warn] WARNING: {{titleize}} was not converted as it has positional parameters which can't be automatically converted. Source: app/templates/components/organization-list.hbs
2022-11-29T02:20:46.015Z [warn] WARNING: {{titleize}} was not converted as it has positional parameters which can't be automatically converted. Source: app/templates/components/organization-list.hbs
2022-11-29T02:20:46.015Z [warn] WARNING: {{titleize}} was not converted as it has positional parameters which can't be automatically converted. Source: app/templates/components/organization-list.hbs
2022-11-29T02:20:46.015Z [warn] WARNING: {{format-contact}} was not converted as it has positional parameters which can't be automatically converted. Source: app/templates/components/organization-list.hbs
2022-11-29T02:20:46.157Z [warn] WARNING: {{titleize}} was not converted as it has positional parameters which can't be automatically converted. Source: app/templates/components/provider-list.hbs
2022-11-29T02:20:46.158Z [warn] WARNING: {{titleize}} was not converted as it has positional parameters which can't be automatically converted. Source: app/templates/components/provider-list.hbs
2022-11-29T02:20:46.158Z [warn] WARNING: {{titleize}} was not converted as it has positional parameters which can't be automatically converted. Source: app/templates/components/provider-list.hbs
2022-11-29T02:20:46.158Z [warn] WARNING: {{titleize}} was not converted as it has positional parameters which can't be automatically converted. Source: app/templates/components/provider-list.hbs
2022-11-29T02:20:46.158Z [warn] WARNING: {{format-contact}} was not converted as it has positional parameters which can't be automatically converted. Source: app/templates/components/provider-list.hbs
2022-11-29T02:20:46.158Z [warn] WARNING: {{format-contact}} was not converted as it has positional parameters which can't be automatically converted. Source: app/templates/components/provider-list.hbs
2022-11-29T02:20:46.158Z [warn] WARNING: {{format-contact}} was not converted as it has positional parameters which can't be automatically converted. Source: app/templates/components/provider-list.hbs
2022-11-29T02:20:46.292Z [warn] WARNING: {{titleize}} was not converted as it has positional parameters which can't be automatically converted. Source: app/templates/components/repository-list.hbs
2022-11-29T02:20:46.292Z [warn] WARNING: {{titleize}} was not converted as it has positional parameters which can't be automatically converted. Source: app/templates/components/repository-list.hbs
2022-11-29T02:20:46.293Z [warn] WARNING: {{titleize}} was not converted as it has positional parameters which can't be automatically converted. Source: app/templates/components/repository-list.hbs
2022-11-29T02:20:46.299Z [warn] WARNING: {{titleize}} was not converted as it has positional parameters which can't be automatically converted. Source: app/templates/components/repository-repository-type.hbs
2022-11-29T02:20:46.299Z [warn] WARNING: {{titleize}} was not converted as it has positional parameters which can't be automatically converted. Source: app/templates/components/repository-repository-type.hbs
2022-11-29T02:20:46.328Z [warn] WARNING: {{content-negotiation-url}} was not converted as it has positional parameters which can't be automatically converted. Source: app/templates/components/repository-sidebar.hbs
2022-11-29T02:20:46.328Z [warn] WARNING: {{content-negotiation-url}} was not converted as it has positional parameters which can't be automatically converted. Source: app/templates/components/repository-sidebar.hbs
2022-11-29T02:20:46.328Z [warn] WARNING: {{content-negotiation-url}} was not converted as it has positional parameters which can't be automatically converted. Source: app/templates/components/repository-sidebar.hbs
2022-11-29T02:20:46.328Z [warn] WARNING: {{content-negotiation-url}} was not converted as it has positional parameters which can't be automatically converted. Source: app/templates/components/repository-sidebar.hbs
2022-11-29T02:20:46.414Z [warn] WARNING: {{pluralize}} was not converted as it has positional parameters which can't be automatically converted. Source: app/templates/prefixes/index.hbs
2022-11-29T02:20:46.414Z [warn] WARNING: {{pluralize}} was not converted as it has positional parameters which can't be automatically converted. Source: app/templates/prefixes/index.hbs
2022-11-29T02:20:46.511Z [warn] WARNING: {{html-safe}} was not converted as it has positional parameters which can't be automatically converted. Source: app/templates/providers/new.hbs
2022-11-29T02:20:46.511Z [warn] WARNING: {{titleize}} was not converted as it has positional parameters which can't be automatically converted. Source: app/templates/providers/new.hbs
2022-11-29T02:20:46.511Z [warn] WARNING: {{titleize}} was not converted as it has positional parameters which can't be automatically converted. Source: app/templates/providers/new.hbs
2022-11-29T02:20:46.511Z [warn] WARNING: {{titleize}} was not converted as it has positional parameters which can't be automatically converted. Source: app/templates/providers/new.hbs
2022-11-29T02:20:46.511Z [warn] WARNING: {{titleize}} was not converted as it has positional parameters which can't be automatically converted. Source: app/templates/providers/new.hbs
2022-11-29T02:20:46.512Z [warn] WARNING: {{provider-form-errors}} was not converted as it has positional parameters which can't be automatically converted. Source: app/templates/providers/new.hbs
2022-11-29T02:20:46.548Z [warn] WARNING: {{contact-form-errors}} was not converted as it has positional parameters which can't be automatically converted. Source: app/templates/contacts/show/edit.hbs
2022-11-29T02:20:46.588Z [warn] WARNING: {{doi-form-errors}} was not converted as it has positional parameters which can't be automatically converted. Source: app/templates/dois/show/edit.hbs
2022-11-29T02:20:46.613Z [warn] WARNING: {{doi-form-errors}} was not converted as it has positional parameters which can't be automatically converted. Source: app/templates/dois/show/modify.hbs
2022-11-29T02:20:46.624Z [warn] WARNING: {{uppercase}} was not converted as it has positional parameters which can't be automatically converted. Source: app/templates/repositories/show/delete.hbs
2022-11-29T02:20:46.624Z [warn] WARNING: {{uppercase}} was not converted as it has positional parameters which can't be automatically converted. Source: app/templates/repositories/show/delete.hbs
2022-11-29T02:20:46.667Z [warn] WARNING: {{titleize}} was not converted as it has positional parameters which can't be automatically converted. Source: app/templates/repositories/show/edit.hbs
2022-11-29T02:20:46.668Z [warn] WARNING: {{repository-form-errors}} was not converted as it has positional parameters which can't be automatically converted. Source: app/templates/repositories/show/edit.hbs
2022-11-29T02:20:46.712Z [warn] WARNING: {{markdown-to-html}} was not converted as it has positional parameters which can't be automatically converted. Source: app/templates/repositories/show/index.hbs
2022-11-29T02:20:46.712Z [warn] WARNING: {{pluralize}} was not converted as it has positional parameters which can't be automatically converted. Source: app/templates/repositories/show/index.hbs
2022-11-29T02:20:46.712Z [warn] WARNING: {{format-language}} was not converted as it has positional parameters which can't be automatically converted. Source: app/templates/repositories/show/index.hbs
2022-11-29T02:20:46.712Z [warn] WARNING: {{titleize}} was not converted as it has positional parameters which can't be automatically converted. Source: app/templates/repositories/show/index.hbs
2022-11-29T02:20:46.729Z [warn] WARNING: {{uppercase}} was not converted as it has positional parameters which can't be automatically converted. Source: app/templates/providers/show/delete.hbs
2022-11-29T02:20:46.729Z [warn] WARNING: {{uppercase}} was not converted as it has positional parameters which can't be automatically converted. Source: app/templates/providers/show/delete.hbs
2022-11-29T02:20:46.729Z [warn] WARNING: {{uppercase}} was not converted as it has positional parameters which can't be automatically converted. Source: app/templates/providers/show/delete.hbs
2022-11-29T02:20:46.812Z [warn] WARNING: {{eq}} was not converted as it has positional parameters which can't be automatically converted. Source: app/templates/providers/show/edit.hbs
2022-11-29T02:20:46.812Z [warn] WARNING: {{titleize}} was not converted as it has positional parameters which can't be automatically converted. Source: app/templates/providers/show/edit.hbs
2022-11-29T02:20:46.813Z [warn] WARNING: {{titleize}} was not converted as it has positional parameters which can't be automatically converted. Source: app/templates/providers/show/edit.hbs
2022-11-29T02:20:46.813Z [warn] WARNING: {{html-safe}} was not converted as it has positional parameters which can't be automatically converted. Source: app/templates/providers/show/edit.hbs
2022-11-29T02:20:46.813Z [warn] WARNING: {{titleize}} was not converted as it has positional parameters which can't be automatically converted. Source: app/templates/providers/show/edit.hbs
2022-11-29T02:20:46.813Z [warn] WARNING: {{titleize}} was not converted as it has positional parameters which can't be automatically converted. Source: app/templates/providers/show/edit.hbs
2022-11-29T02:20:46.817Z [warn] WARNING: {{provider-form-errors}} was not converted as it has positional parameters which can't be automatically converted. Source: app/templates/providers/show/edit.hbs
2022-11-29T02:20:46.876Z [warn] WARNING: {{titleize}} was not converted as it has positional parameters which can't be automatically converted. Source: app/templates/providers/show/index.hbs
2022-11-29T02:20:46.877Z [warn] WARNING: {{titleize}} was not converted as it has positional parameters which can't be automatically converted. Source: app/templates/providers/show/index.hbs
2022-11-29T02:20:46.877Z [warn] WARNING: {{twitter-url}} was not converted as it has positional parameters which can't be automatically converted. Source: app/templates/providers/show/index.hbs
2022-11-29T02:20:46.877Z [warn] WARNING: {{twitter-url}} was not converted as it has positional parameters which can't be automatically converted. Source: app/templates/providers/show/index.hbs
2022-11-29T02:20:46.877Z [warn] WARNING: {{markdown-to-html}} was not converted as it has positional parameters which can't be automatically converted. Source: app/templates/providers/show/index.hbs
2022-11-29T02:20:46.877Z [warn] WARNING: {{titleize}} was not converted as it has positional parameters which can't be automatically converted. Source: app/templates/providers/show/index.hbs
2022-11-29T02:20:46.877Z [warn] WARNING: {{titleize}} was not converted as it has positional parameters which can't be automatically converted. Source: app/templates/providers/show/index.hbs
2022-11-29T02:20:46.877Z [warn] WARNING: {{format-contact}} was not converted as it has positional parameters which can't be automatically converted. Source: app/templates/providers/show/index.hbs
2022-11-29T02:20:46.877Z [warn] WARNING: {{format-contact}} was not converted as it has positional parameters which can't be automatically converted. Source: app/templates/providers/show/index.hbs
2022-11-29T02:20:46.877Z [warn] WARNING: {{format-contact}} was not converted as it has positional parameters which can't be automatically converted. Source: app/templates/providers/show/index.hbs
2022-11-29T02:20:46.877Z [warn] WARNING: {{format-contact}} was not converted as it has positional parameters which can't be automatically converted. Source: app/templates/providers/show/index.hbs
2022-11-29T02:20:46.877Z [warn] WARNING: {{format-contact}} was not converted as it has positional parameters which can't be automatically converted. Source: app/templates/providers/show/index.hbs
2022-11-29T02:20:46.877Z [warn] WARNING: {{format-contact}} was not converted as it has positional parameters which can't be automatically converted. Source: app/templates/providers/show/index.hbs
2022-11-29T02:20:46.877Z [warn] WARNING: {{format-contact}} was not converted as it has positional parameters which can't be automatically converted. Source: app/templates/providers/show/index.hbs
2022-11-29T02:20:46.910Z [warn] WARNING: {{doi-form-errors}} was not converted as it has positional parameters which can't be automatically converted. Source: app/templates/repositories/show/dois/new.hbs
2022-11-29T02:20:46.918Z [warn] WARNING: {{doi-form-errors}} was not converted as it has positional parameters which can't be automatically converted. Source: app/templates/repositories/show/dois/upload.hbs
2022-11-29T02:20:46.989Z [warn] WARNING: {{contact-form-errors}} was not converted as it has positional parameters which can't be automatically converted. Source: app/templates/providers/show/contacts/new.hbs
2022-11-29T02:20:47.024Z [warn] WARNING: {{html-safe}} was not converted as it has positional parameters which can't be automatically converted. Source: app/templates/providers/show/organizations/new.hbs
2022-11-29T02:20:47.024Z [warn] WARNING: {{titleize}} was not converted as it has positional parameters which can't be automatically converted. Source: app/templates/providers/show/organizations/new.hbs
2022-11-29T02:20:47.024Z [warn] WARNING: {{titleize}} was not converted as it has positional parameters which can't be automatically converted. Source: app/templates/providers/show/organizations/new.hbs
2022-11-29T02:20:47.024Z [warn] WARNING: {{titleize}} was not converted as it has positional parameters which can't be automatically converted. Source: app/templates/providers/show/organizations/new.hbs
2022-11-29T02:20:47.024Z [warn] WARNING: {{provider-form-errors}} was not converted as it has positional parameters which can't be automatically converted. Source: app/templates/providers/show/organizations/new.hbs
2022-11-29T02:20:47.072Z [warn] WARNING: {{pluralize}} was not converted as it has positional parameters which can't be automatically converted. Source: app/templates/providers/show/prefixes/index.hbs
2022-11-29T02:20:47.132Z [warn] WARNING: {{titleize}} was not converted as it has positional parameters which can't be automatically converted. Source: app/templates/providers/show/repositories/new.hbs
2022-11-29T02:20:47.136Z [warn] WARNING: {{repository-form-errors}} was not converted as it has positional parameters which can't be automatically converted. Source: app/templates/providers/show/repositories/new.hbs
2022-11-29T02:20:47.166Z [warn] WARNING: {{pluralize}} was not converted as it has positional parameters which can't be automatically converted. Source: app/templates/providers/show/prefixes/show/index.hbs
2022-11-29T02:20:47.174Z [warn] WARNING: {{pluralize}} was not converted as it has positional parameters which can't be automatically converted. Source: app/templates/components/doi-geo-locations.hbs
2022-11-29T02:20:47.174Z [warn] WARNING: {{pluralize}} was not converted as it has positional parameters which can't be automatically converted. Source: app/templates/components/doi-geo-locations.hbs
